<?xml version="1.0" encoding="UTF-8"?>
<!-- Generated by org.testng.reporters.JUnitReportReporter -->
<testsuite skipped="1" hostname="CDC2-D-CJ5PXJ2" name="com.test.NewTest" tests="3" failures="0" timestamp="11 Jul 2019 07:13:09 GMT" time="0.005" errors="0">
  <testcase name="testgoogle" time="0.003" classname="com.test.NewTest"/>
  <testcase name="testTwitter" time="0.002" classname="com.test.NewTest"/>
  <testcase name="testfacebook" classname="com.test.NewTest">
    <skipped/>
  </testcase> <!-- testfacebook -->
</testsuite> <!-- com.test.NewTest -->
